{"C:\\Users\\mirol\\Documents\\fullstack\\joku\\app.js": {"path":"C:\\Users\\mirol\\Documents\\fullstack\\joku\\app.js","statementMap":{"0":{"start":{"line":1,"column":15},"end":{"line":1,"column":40}},"1":{"start":{"line":2,"column":16},"end":{"line":2,"column":34}},"2":{"start":{"line":3,"column":12},"end":{"line":3,"column":21}},"3":{"start":{"line":4,"column":13},"end":{"line":4,"column":28}},"4":{"start":{"line":5,"column":20},"end":{"line":5,"column":50}},"5":{"start":{"line":6,"column":24},"end":{"line":6,"column":49}},"6":{"start":{"line":7,"column":19},"end":{"line":7,"column":48}},"7":{"start":{"line":8,"column":17},"end":{"line":8,"column":36}},"8":{"start":{"line":10,"column":0},"end":{"line":10,"column":42}},"9":{"start":{"line":11,"column":0},"end":{"line":18,"column":5}},"10":{"start":{"line":14,"column":4},"end":{"line":14,"column":33}},"11":{"start":{"line":17,"column":4},"end":{"line":17,"column":54}},"12":{"start":{"line":20,"column":0},"end":{"line":20,"column":16}},"13":{"start":{"line":21,"column":0},"end":{"line":21,"column":32}},"14":{"start":{"line":22,"column":0},"end":{"line":22,"column":24}},"15":{"start":{"line":24,"column":0},"end":{"line":24,"column":35}},"16":{"start":{"line":25,"column":0},"end":{"line":25,"column":36}},"17":{"start":{"line":26,"column":0},"end":{"line":26,"column":33}},"18":{"start":{"line":27,"column":0},"end":{"line":27,"column":21}}},"fnMap":{"0":{"name":"(anonymous_0)","decl":{"start":{"line":13,"column":8},"end":{"line":13,"column":9}},"loc":{"start":{"line":13,"column":14},"end":{"line":15,"column":3}},"line":13},"1":{"name":"(anonymous_1)","decl":{"start":{"line":16,"column":9},"end":{"line":16,"column":10}},"loc":{"start":{"line":16,"column":18},"end":{"line":18,"column":3}},"line":16}},"branchMap":{},"s":{"0":1,"1":1,"2":1,"3":1,"4":1,"5":1,"6":1,"7":1,"8":1,"9":1,"10":0,"11":1,"12":1,"13":1,"14":1,"15":1,"16":1,"17":1,"18":1},"f":{"0":0,"1":1},"b":{},"_coverageSchema":"1a1c01bbd47fc00a2c39e90264f33305004495a9","hash":"740509d799ae3516b6c2e60265ac0d1b05d3c042"}
,"C:\\Users\\mirol\\Documents\\fullstack\\joku\\controllers\\notes.js": {"path":"C:\\Users\\mirol\\Documents\\fullstack\\joku\\controllers\\notes.js","statementMap":{"0":{"start":{"line":1,"column":20},"end":{"line":1,"column":47}},"1":{"start":{"line":2,"column":13},"end":{"line":2,"column":38}},"2":{"start":{"line":4,"column":0},"end":{"line":8,"column":3}},"3":{"start":{"line":5,"column":2},"end":{"line":7,"column":5}},"4":{"start":{"line":6,"column":4},"end":{"line":6,"column":20}},"5":{"start":{"line":10,"column":0},"end":{"line":20,"column":3}},"6":{"start":{"line":11,"column":2},"end":{"line":19,"column":35}},"7":{"start":{"line":13,"column":6},"end":{"line":17,"column":7}},"8":{"start":{"line":14,"column":8},"end":{"line":14,"column":23}},"9":{"start":{"line":16,"column":8},"end":{"line":16,"column":30}},"10":{"start":{"line":19,"column":22},"end":{"line":19,"column":33}},"11":{"start":{"line":22,"column":0},"end":{"line":36,"column":3}},"12":{"start":{"line":23,"column":15},"end":{"line":23,"column":23}},"13":{"start":{"line":25,"column":15},"end":{"line":28,"column":4}},"14":{"start":{"line":30,"column":2},"end":{"line":35,"column":35}},"15":{"start":{"line":33,"column":6},"end":{"line":33,"column":26}},"16":{"start":{"line":35,"column":22},"end":{"line":35,"column":33}},"17":{"start":{"line":38,"column":0},"end":{"line":44,"column":3}},"18":{"start":{"line":39,"column":2},"end":{"line":43,"column":35}},"19":{"start":{"line":41,"column":6},"end":{"line":41,"column":33}},"20":{"start":{"line":43,"column":22},"end":{"line":43,"column":33}},"21":{"start":{"line":46,"column":0},"end":{"line":58,"column":3}},"22":{"start":{"line":47,"column":15},"end":{"line":47,"column":27}},"23":{"start":{"line":48,"column":15},"end":{"line":51,"column":3}},"24":{"start":{"line":53,"column":2},"end":{"line":57,"column":35}},"25":{"start":{"line":55,"column":6},"end":{"line":55,"column":33}},"26":{"start":{"line":57,"column":22},"end":{"line":57,"column":33}},"27":{"start":{"line":59,"column":0},"end":{"line":59,"column":29}}},"fnMap":{"0":{"name":"(anonymous_0)","decl":{"start":{"line":4,"column":21},"end":{"line":4,"column":22}},"loc":{"start":{"line":4,"column":35},"end":{"line":8,"column":1}},"line":4},"1":{"name":"(anonymous_1)","decl":{"start":{"line":5,"column":21},"end":{"line":5,"column":22}},"loc":{"start":{"line":5,"column":32},"end":{"line":7,"column":3}},"line":5},"2":{"name":"(anonymous_2)","decl":{"start":{"line":10,"column":24},"end":{"line":10,"column":25}},"loc":{"start":{"line":10,"column":44},"end":{"line":20,"column":1}},"line":10},"3":{"name":"(anonymous_3)","decl":{"start":{"line":12,"column":10},"end":{"line":12,"column":11}},"loc":{"start":{"line":12,"column":20},"end":{"line":18,"column":5}},"line":12},"4":{"name":"(anonymous_4)","decl":{"start":{"line":19,"column":11},"end":{"line":19,"column":12}},"loc":{"start":{"line":19,"column":22},"end":{"line":19,"column":33}},"line":19},"5":{"name":"(anonymous_5)","decl":{"start":{"line":22,"column":22},"end":{"line":22,"column":23}},"loc":{"start":{"line":22,"column":42},"end":{"line":36,"column":1}},"line":22},"6":{"name":"(anonymous_6)","decl":{"start":{"line":32,"column":10},"end":{"line":32,"column":11}},"loc":{"start":{"line":32,"column":25},"end":{"line":34,"column":5}},"line":32},"7":{"name":"(anonymous_7)","decl":{"start":{"line":35,"column":11},"end":{"line":35,"column":12}},"loc":{"start":{"line":35,"column":22},"end":{"line":35,"column":33}},"line":35},"8":{"name":"(anonymous_8)","decl":{"start":{"line":38,"column":27},"end":{"line":38,"column":28}},"loc":{"start":{"line":38,"column":56},"end":{"line":44,"column":1}},"line":38},"9":{"name":"(anonymous_9)","decl":{"start":{"line":40,"column":10},"end":{"line":40,"column":11}},"loc":{"start":{"line":40,"column":16},"end":{"line":42,"column":5}},"line":40},"10":{"name":"(anonymous_10)","decl":{"start":{"line":43,"column":11},"end":{"line":43,"column":12}},"loc":{"start":{"line":43,"column":22},"end":{"line":43,"column":33}},"line":43},"11":{"name":"(anonymous_11)","decl":{"start":{"line":46,"column":24},"end":{"line":46,"column":25}},"loc":{"start":{"line":46,"column":53},"end":{"line":58,"column":1}},"line":46},"12":{"name":"(anonymous_12)","decl":{"start":{"line":54,"column":10},"end":{"line":54,"column":11}},"loc":{"start":{"line":54,"column":27},"end":{"line":56,"column":5}},"line":54},"13":{"name":"(anonymous_13)","decl":{"start":{"line":57,"column":11},"end":{"line":57,"column":12}},"loc":{"start":{"line":57,"column":22},"end":{"line":57,"column":33}},"line":57}},"branchMap":{"0":{"loc":{"start":{"line":13,"column":6},"end":{"line":17,"column":7}},"type":"if","locations":[{"start":{"line":13,"column":6},"end":{"line":17,"column":7}},{"start":{"line":15,"column":13},"end":{"line":17,"column":7}}],"line":13},"1":{"loc":{"start":{"line":27,"column":15},"end":{"line":27,"column":38}},"type":"binary-expr","locations":[{"start":{"line":27,"column":15},"end":{"line":27,"column":29}},{"start":{"line":27,"column":33},"end":{"line":27,"column":38}}],"line":27}},"s":{"0":1,"1":1,"2":1,"3":1,"4":1,"5":1,"6":0,"7":0,"8":0,"9":0,"10":0,"11":1,"12":0,"13":0,"14":0,"15":0,"16":0,"17":1,"18":0,"19":0,"20":0,"21":1,"22":0,"23":0,"24":0,"25":0,"26":0,"27":1},"f":{"0":1,"1":1,"2":0,"3":0,"4":0,"5":0,"6":0,"7":0,"8":0,"9":0,"10":0,"11":0,"12":0,"13":0},"b":{"0":[0,0],"1":[0,0]},"_coverageSchema":"1a1c01bbd47fc00a2c39e90264f33305004495a9","hash":"ba239bcf7201254fc90fbf52b4063ad233bd5f7e"}
,"C:\\Users\\mirol\\Documents\\fullstack\\joku\\models\\note.js": {"path":"C:\\Users\\mirol\\Documents\\fullstack\\joku\\models\\note.js","statementMap":{"0":{"start":{"line":1,"column":17},"end":{"line":1,"column":36}},"1":{"start":{"line":3,"column":19},"end":{"line":10,"column":2}},"2":{"start":{"line":12,"column":0},"end":{"line":18,"column":3}},"3":{"start":{"line":14,"column":4},"end":{"line":14,"column":54}},"4":{"start":{"line":15,"column":4},"end":{"line":15,"column":30}},"5":{"start":{"line":16,"column":4},"end":{"line":16,"column":30}},"6":{"start":{"line":20,"column":0},"end":{"line":20,"column":52}}},"fnMap":{"0":{"name":"(anonymous_0)","decl":{"start":{"line":13,"column":13},"end":{"line":13,"column":14}},"loc":{"start":{"line":13,"column":43},"end":{"line":17,"column":3}},"line":13}},"branchMap":{},"s":{"0":1,"1":1,"2":1,"3":4,"4":4,"5":4,"6":1},"f":{"0":4},"b":{},"_coverageSchema":"1a1c01bbd47fc00a2c39e90264f33305004495a9","hash":"9b2938cb3bd78bd517f3278e18efc86c874662c3"}
,"C:\\Users\\mirol\\Documents\\fullstack\\joku\\utils\\config.js": {"path":"C:\\Users\\mirol\\Documents\\fullstack\\joku\\utils\\config.js","statementMap":{"0":{"start":{"line":1,"column":0},"end":{"line":1,"column":27}},"1":{"start":{"line":3,"column":13},"end":{"line":3,"column":29}},"2":{"start":{"line":6,"column":2},"end":{"line":8,"column":29}},"3":{"start":{"line":9,"column":0},"end":{"line":12,"column":2}}},"fnMap":{},"branchMap":{"0":{"loc":{"start":{"line":6,"column":2},"end":{"line":8,"column":29}},"type":"cond-expr","locations":[{"start":{"line":7,"column":6},"end":{"line":7,"column":34}},{"start":{"line":8,"column":6},"end":{"line":8,"column":29}}],"line":6}},"s":{"0":1,"1":1,"2":1,"3":1},"f":{},"b":{"0":[1,0]},"_coverageSchema":"1a1c01bbd47fc00a2c39e90264f33305004495a9","hash":"82ad109e8807caebaed12dce6e72465e18c08720"}
,"C:\\Users\\mirol\\Documents\\fullstack\\joku\\utils\\logger.js": {"path":"C:\\Users\\mirol\\Documents\\fullstack\\joku\\utils\\logger.js","statementMap":{"0":{"start":{"line":1,"column":13},"end":{"line":5,"column":1}},"1":{"start":{"line":2,"column":2},"end":{"line":4,"column":3}},"2":{"start":{"line":3,"column":4},"end":{"line":3,"column":27}},"3":{"start":{"line":7,"column":14},"end":{"line":11,"column":1}},"4":{"start":{"line":8,"column":2},"end":{"line":10,"column":3}},"5":{"start":{"line":9,"column":4},"end":{"line":9,"column":29}},"6":{"start":{"line":12,"column":0},"end":{"line":15,"column":2}}},"fnMap":{"0":{"name":"(anonymous_0)","decl":{"start":{"line":1,"column":13},"end":{"line":1,"column":14}},"loc":{"start":{"line":1,"column":28},"end":{"line":5,"column":1}},"line":1},"1":{"name":"(anonymous_1)","decl":{"start":{"line":7,"column":14},"end":{"line":7,"column":15}},"loc":{"start":{"line":7,"column":29},"end":{"line":11,"column":1}},"line":7}},"branchMap":{"0":{"loc":{"start":{"line":2,"column":2},"end":{"line":4,"column":3}},"type":"if","locations":[{"start":{"line":2,"column":2},"end":{"line":4,"column":3}},{"start":{},"end":{}}],"line":2},"1":{"loc":{"start":{"line":8,"column":2},"end":{"line":10,"column":3}},"type":"if","locations":[{"start":{"line":8,"column":2},"end":{"line":10,"column":3}},{"start":{},"end":{}}],"line":8}},"s":{"0":1,"1":1,"2":0,"3":1,"4":1,"5":0,"6":1},"f":{"0":1,"1":1},"b":{"0":[0,1],"1":[0,1]},"_coverageSchema":"1a1c01bbd47fc00a2c39e90264f33305004495a9","hash":"a073d38b0193679b02af955680836185fb8c1251"}
,"C:\\Users\\mirol\\Documents\\fullstack\\joku\\utils\\middleware.js": {"path":"C:\\Users\\mirol\\Documents\\fullstack\\joku\\utils\\middleware.js","statementMap":{"0":{"start":{"line":1,"column":15},"end":{"line":1,"column":34}},"1":{"start":{"line":3,"column":24},"end":{"line":5,"column":1}},"2":{"start":{"line":4,"column":2},"end":{"line":4,"column":54}},"3":{"start":{"line":7,"column":21},"end":{"line":17,"column":1}},"4":{"start":{"line":8,"column":2},"end":{"line":8,"column":30}},"5":{"start":{"line":10,"column":2},"end":{"line":14,"column":3}},"6":{"start":{"line":11,"column":4},"end":{"line":11,"column":67}},"7":{"start":{"line":12,"column":9},"end":{"line":14,"column":3}},"8":{"start":{"line":13,"column":4},"end":{"line":13,"column":63}},"9":{"start":{"line":16,"column":2},"end":{"line":16,"column":14}},"10":{"start":{"line":19,"column":0},"end":{"line":22,"column":2}}},"fnMap":{"0":{"name":"(anonymous_0)","decl":{"start":{"line":3,"column":24},"end":{"line":3,"column":25}},"loc":{"start":{"line":3,"column":38},"end":{"line":5,"column":1}},"line":3},"1":{"name":"(anonymous_1)","decl":{"start":{"line":7,"column":21},"end":{"line":7,"column":22}},"loc":{"start":{"line":7,"column":57},"end":{"line":17,"column":1}},"line":7}},"branchMap":{"0":{"loc":{"start":{"line":10,"column":2},"end":{"line":14,"column":3}},"type":"if","locations":[{"start":{"line":10,"column":2},"end":{"line":14,"column":3}},{"start":{"line":12,"column":9},"end":{"line":14,"column":3}}],"line":10},"1":{"loc":{"start":{"line":12,"column":9},"end":{"line":14,"column":3}},"type":"if","locations":[{"start":{"line":12,"column":9},"end":{"line":14,"column":3}},{"start":{},"end":{}}],"line":12}},"s":{"0":1,"1":1,"2":0,"3":1,"4":0,"5":0,"6":0,"7":0,"8":0,"9":0,"10":1},"f":{"0":0,"1":0},"b":{"0":[0,0],"1":[0,0]},"_coverageSchema":"1a1c01bbd47fc00a2c39e90264f33305004495a9","hash":"0c5251ff72f6b19c7aac887ba7381f3f82c424c5"}
}
